[2025-09-29 16:54:25] [ERROR] uncaughtException: Missing parameter name at index 2: /*; visit https://git.new/pathToRegexpError for info
TypeError: Missing parameter name at index 2: /*; visit https://git.new/pathToRegexpError for info
    at name (C:\Users\matej\Projects\omnieconomy-backend\server\node_modules\path-to-regexp\src\index.ts:225:13)
    at parse (C:\Users\matej\Projects\omnieconomy-backend\server\node_modules\path-to-regexp\src\index.ts:242:62)
    at pathToRegexp (C:\Users\matej\Projects\omnieconomy-backend\server\node_modules\path-to-regexp\src\index.ts:480:54)
    at Object.match (C:\Users\matej\Projects\omnieconomy-backend\server\node_modules\path-to-regexp\src\index.ts:438:28)
    at matcher (C:\Users\matej\Projects\omnieconomy-backend\server\node_modules\router\lib\layer.js:86:23)
    at new Layer (C:\Users\matej\Projects\omnieconomy-backend\server\node_modules\router\lib\layer.js:93:62)
    at Function.route (C:\Users\matej\Projects\omnieconomy-backend\server\node_modules\router\index.js:428:17)
    at Function.route (C:\Users\matej\Projects\omnieconomy-backend\server\node_modules\express\lib\application.js:257:22)
    at app.<computed> [as get] (C:\Users\matej\Projects\omnieconomy-backend\server\node_modules\express\lib\application.js:478:22)
    at <anonymous> (C:\Users\matej\Projects\omnieconomy-backend\server\src\server.ts:25:5)
[2025-09-29 16:55:04] [ERROR] uncaughtException: Missing parameter name at index 2: /*; visit https://git.new/pathToRegexpError for info
TypeError: Missing parameter name at index 2: /*; visit https://git.new/pathToRegexpError for info
    at name (C:\Users\matej\Projects\omnieconomy-backend\server\node_modules\path-to-regexp\src\index.ts:225:13)
    at parse (C:\Users\matej\Projects\omnieconomy-backend\server\node_modules\path-to-regexp\src\index.ts:242:62)
    at pathToRegexp (C:\Users\matej\Projects\omnieconomy-backend\server\node_modules\path-to-regexp\src\index.ts:480:54)
    at Object.match (C:\Users\matej\Projects\omnieconomy-backend\server\node_modules\path-to-regexp\src\index.ts:438:28)
    at matcher (C:\Users\matej\Projects\omnieconomy-backend\server\node_modules\router\lib\layer.js:86:23)
    at new Layer (C:\Users\matej\Projects\omnieconomy-backend\server\node_modules\router\lib\layer.js:93:62)
    at Function.route (C:\Users\matej\Projects\omnieconomy-backend\server\node_modules\router\index.js:428:17)
    at Function.route (C:\Users\matej\Projects\omnieconomy-backend\server\node_modules\express\lib\application.js:257:22)
    at app.<computed> [as get] (C:\Users\matej\Projects\omnieconomy-backend\server\node_modules\express\lib\application.js:478:22)
    at startServer (C:\Users\matej\Projects\omnieconomy-backend\server\src\server.ts:27:7)
[2025-09-29 16:55:28] [ERROR] uncaughtException: Missing parameter name at index 2: /*; visit https://git.new/pathToRegexpError for info
TypeError: Missing parameter name at index 2: /*; visit https://git.new/pathToRegexpError for info
    at name (C:\Users\matej\Projects\omnieconomy-backend\server\node_modules\path-to-regexp\src\index.ts:225:13)
    at parse (C:\Users\matej\Projects\omnieconomy-backend\server\node_modules\path-to-regexp\src\index.ts:242:62)
    at pathToRegexp (C:\Users\matej\Projects\omnieconomy-backend\server\node_modules\path-to-regexp\src\index.ts:480:54)
    at Object.match (C:\Users\matej\Projects\omnieconomy-backend\server\node_modules\path-to-regexp\src\index.ts:438:28)
    at matcher (C:\Users\matej\Projects\omnieconomy-backend\server\node_modules\router\lib\layer.js:86:23)
    at new Layer (C:\Users\matej\Projects\omnieconomy-backend\server\node_modules\router\lib\layer.js:93:62)
    at Function.route (C:\Users\matej\Projects\omnieconomy-backend\server\node_modules\router\index.js:428:17)
    at Function.route (C:\Users\matej\Projects\omnieconomy-backend\server\node_modules\express\lib\application.js:257:22)
    at app.<computed> [as get] (C:\Users\matej\Projects\omnieconomy-backend\server\node_modules\express\lib\application.js:478:22)
    at startServer (C:\Users\matej\Projects\omnieconomy-backend\server\src\server.ts:27:7)
[2025-09-29 16:55:48] [ERROR] uncaughtException: Missing parameter name at index 2: /*; visit https://git.new/pathToRegexpError for info
TypeError: Missing parameter name at index 2: /*; visit https://git.new/pathToRegexpError for info
    at name (C:\Users\matej\Projects\omnieconomy-backend\server\node_modules\path-to-regexp\src\index.ts:225:13)
    at parse (C:\Users\matej\Projects\omnieconomy-backend\server\node_modules\path-to-regexp\src\index.ts:242:62)
    at pathToRegexp (C:\Users\matej\Projects\omnieconomy-backend\server\node_modules\path-to-regexp\src\index.ts:480:54)
    at Object.match (C:\Users\matej\Projects\omnieconomy-backend\server\node_modules\path-to-regexp\src\index.ts:438:28)
    at matcher (C:\Users\matej\Projects\omnieconomy-backend\server\node_modules\router\lib\layer.js:86:23)
    at new Layer (C:\Users\matej\Projects\omnieconomy-backend\server\node_modules\router\lib\layer.js:93:62)
    at Function.route (C:\Users\matej\Projects\omnieconomy-backend\server\node_modules\router\index.js:428:17)
    at Function.route (C:\Users\matej\Projects\omnieconomy-backend\server\node_modules\express\lib\application.js:257:22)
    at app.<computed> [as get] (C:\Users\matej\Projects\omnieconomy-backend\server\node_modules\express\lib\application.js:478:22)
    at startServer (C:\Users\matej\Projects\omnieconomy-backend\server\src\server.ts:27:7)
